2017-06-30 15:30:46.764  INFO 9207 --- [main] com.cms.MycmsApplication                 : Starting MycmsApplication on fyt.local with PID 9207 (/Users/taifuyu/test/mycms/target/classes started by taifuyu in /Users/taifuyu/test/mycms)
2017-06-30 15:30:46.775  INFO 9207 --- [main] com.cms.MycmsApplication                 : No active profile set, falling back to default profiles: default
2017-06-30 15:30:46.928  INFO 9207 --- [main] ationConfigEmbeddedWebApplicationContext : Refreshing org.springframework.boot.context.embedded.AnnotationConfigEmbeddedWebApplicationContext@1a04f701: startup date [Fri Jun 30 15:30:46 CST 2017]; root of context hierarchy
2017-06-30 15:30:49.521  INFO 9207 --- [main] s.b.c.e.t.TomcatEmbeddedServletContainer : Tomcat initialized with port(s): 8888 (http)
2017-06-30 15:30:49.542  INFO 9207 --- [main] o.apache.catalina.core.StandardService   : Starting service Tomcat
2017-06-30 15:30:49.544  INFO 9207 --- [main] org.apache.catalina.core.StandardEngine  : Starting Servlet Engine: Apache Tomcat/8.5.11
2017-06-30 15:30:49.728  INFO 9207 --- [localhost-startStop-1] o.a.c.c.C.[Tomcat].[localhost].[/]       : Initializing Spring embedded WebApplicationContext
2017-06-30 15:30:49.729  INFO 9207 --- [localhost-startStop-1] o.s.web.context.ContextLoader            : Root WebApplicationContext: initialization completed in 2807 ms
2017-06-30 15:30:49.980  INFO 9207 --- [localhost-startStop-1] o.s.b.w.servlet.ServletRegistrationBean  : Mapping servlet: 'dispatcherServlet' to [/]
2017-06-30 15:30:49.991  INFO 9207 --- [localhost-startStop-1] o.s.b.w.servlet.FilterRegistrationBean   : Mapping filter: 'characterEncodingFilter' to: [/*]
2017-06-30 15:30:49.993  INFO 9207 --- [localhost-startStop-1] o.s.b.w.servlet.FilterRegistrationBean   : Mapping filter: 'hiddenHttpMethodFilter' to: [/*]
2017-06-30 15:30:49.994  INFO 9207 --- [localhost-startStop-1] o.s.b.w.servlet.FilterRegistrationBean   : Mapping filter: 'httpPutFormContentFilter' to: [/*]
2017-06-30 15:30:49.994  INFO 9207 --- [localhost-startStop-1] o.s.b.w.servlet.FilterRegistrationBean   : Mapping filter: 'requestContextFilter' to: [/*]
2017-06-30 15:30:50.495  INFO 9207 --- [main] s.w.s.m.m.a.RequestMappingHandlerAdapter : Looking for @ControllerAdvice: org.springframework.boot.context.embedded.AnnotationConfigEmbeddedWebApplicationContext@1a04f701: startup date [Fri Jun 30 15:30:46 CST 2017]; root of context hierarchy
2017-06-30 15:30:50.624  INFO 9207 --- [main] s.w.s.m.m.a.RequestMappingHandlerMapping : Mapped "{[/test]}" onto public java.lang.String com.cms.modules.controller.TestController.test()
2017-06-30 15:30:50.632  INFO 9207 --- [main] s.w.s.m.m.a.RequestMappingHandlerMapping : Mapped "{[/error]}" onto public org.springframework.http.ResponseEntity<java.util.Map<java.lang.String, java.lang.Object>> org.springframework.boot.autoconfigure.web.BasicErrorController.error(javax.servlet.http.HttpServletRequest)
2017-06-30 15:30:50.633  INFO 9207 --- [main] s.w.s.m.m.a.RequestMappingHandlerMapping : Mapped "{[/error],produces=[text/html]}" onto public org.springframework.web.servlet.ModelAndView org.springframework.boot.autoconfigure.web.BasicErrorController.errorHtml(javax.servlet.http.HttpServletRequest,javax.servlet.http.HttpServletResponse)
2017-06-30 15:30:50.702  INFO 9207 --- [main] o.s.w.s.handler.SimpleUrlHandlerMapping  : Mapped URL path [/webjars/**] onto handler of type [class org.springframework.web.servlet.resource.ResourceHttpRequestHandler]
2017-06-30 15:30:50.702  INFO 9207 --- [main] o.s.w.s.handler.SimpleUrlHandlerMapping  : Mapped URL path [/**] onto handler of type [class org.springframework.web.servlet.resource.ResourceHttpRequestHandler]
2017-06-30 15:30:50.779  INFO 9207 --- [main] o.s.w.s.handler.SimpleUrlHandlerMapping  : Mapped URL path [/**/favicon.ico] onto handler of type [class org.springframework.web.servlet.resource.ResourceHttpRequestHandler]
2017-06-30 15:30:51.106  INFO 9207 --- [main] o.s.j.e.a.AnnotationMBeanExporter        : Registering beans for JMX exposure on startup
2017-06-30 15:30:51.233  INFO 9207 --- [main] s.b.c.e.t.TomcatEmbeddedServletContainer : Tomcat started on port(s): 8888 (http)
2017-06-30 15:30:51.241  INFO 9207 --- [main] com.cms.MycmsApplication                 : Started MycmsApplication in 5.346 seconds (JVM running for 6.127)
2017-06-30 15:36:30.375  INFO 9207 --- [Thread-3] ationConfigEmbeddedWebApplicationContext : Closing org.springframework.boot.context.embedded.AnnotationConfigEmbeddedWebApplicationContext@1a04f701: startup date [Fri Jun 30 15:30:46 CST 2017]; root of context hierarchy
2017-06-30 15:36:30.379  INFO 9207 --- [Thread-3] o.s.j.e.a.AnnotationMBeanExporter        : Unregistering JMX-exposed beans on shutdown
